#
# A fatal error has been detected by the Java Runtime Environment:
#
#  SIGBUS (0x7) at pc=0x00002ad15825c5e5, pid=9995, tid=0x00002ad2497bf700
#
# JRE version: Java(TM) SE Runtime Environment (8.0_151-b12) (build 1.8.0_151-b12)
# Java VM: Java HotSpot(TM) 64-Bit Server VM (25.151-b12 mixed mode linux-amd64 compressed oops)
# Problematic frame:
# C  [libc.so.6+0x13f5e5]  __memmove_ssse3_back+0x2865
#
# Core dump written. Default location: /group/mwaops/k_smith/repos/mwa_search/mwa_search/nextflow/core or core.9995
#
# If you would like to submit a bug report, please visit:
#   http://bugreport.java.com/bugreport/crash.jsp
#

---------------  T H R E A D  ---------------

Current thread (0x00002ad290033800):  JavaThread "Actor Thread 372" daemon [_thread_in_vm, id=60996, stack(0x00002ad2496bf000,0x00002ad2497c0000)]

siginfo: si_signo: 7 (SIGBUS), si_code: 2 (BUS_ADRERR), si_addr: 0x00002ad242213432

Registers:
RAX=0x00002ad24221342f, RBX=0x00002ad290033800, RCX=0x000000004030cff9, RDX=0x0000000001055b40
RSP=0x00002ad2497bdad8, RBP=0x00002ad2497bdb30, RSI=0x000000059eab8ea8, RDI=0x00002ad24221342f
R8 =0x0000000000000000, R9 =0x00002ad24221342f, R10=0x00002ad16151a2f7, R11=0x00002ad158290f90
R12=0x00002ad2497bdb50, R13=0x0000000000000000, R14=0x00002ad159487f60, R15=0x00002ad15948cce0
RIP=0x00002ad15825c5e5, EFLAGS=0x0000000000010287, CSGSFS=0x0000000000000033, ERR=0x0000000000000007
  TRAPNO=0x000000000000000e

Top of Stack: (sp=0x00002ad2497bdad8)
0x00002ad2497bdad8:   00002ad158f605cf 00002ad24221342f
0x00002ad2497bdae8:   0000000000000010 00002ad290033800
0x00002ad2497bdaf8:   0000000000000000 0000000000000000
0x00002ad2497bdb08:   0000000000000007 0000000000000000
0x00002ad2497bdb18:   00002ad24221342f 00002ad2497bdc98
0x00002ad2497bdb28:   00002ad290033800 00002ad2497bdb80
0x00002ad2497bdb38:   00002ad16151a371 0000000000000007
0x00002ad2497bdb48:   0000000080206550 000000059eab8e98
0x00002ad2497bdb58:   000000059eab45f8 0000000000000000
0x00002ad2497bdb68:   ffffff9b00000000 000000059eab3060
0x00002ad2497bdb78:   0000000000000010 00000000825f3970
0x00002ad2497bdb88:   00002ad160e14db4 00002ad290033800
0x00002ad2497bdb98:   00000000828338a0 00000000000004e8
0x00002ad2497bdba8:   0000000000000000 00000000633f5939
0x00002ad2497bdbb8:   00002ad16047dd3c 000000001d33da8d
0x00002ad2497bdbc8:   0000000000000073 00000000c5866ff4
0x00002ad2497bdbd8:   0000000000000557 000000059eab8e98
0x00002ad2497bdbe8:   0000000000000007 0000000000000007
0x00002ad2497bdbf8:   0000000000000010 00002ad24221342f
0x00002ad2497bdc08:   00002ad2497bdc08 00000000825f3970
0x00002ad2497bdc18:   00002ad1606dc3cc 00002ad241993628
0x00002ad2497bdc28:   00002ad2433dac40 00002ad241fbc460
0x00002ad2497bdc38:   0000000000000000 00002ad2497bdca0
0x00002ad2497bdc48:   00000000825f3970 00002ad161f79624
0x00002ad2497bdc58:   0000000000000075 0000000000004301
0x00002ad2497bdc68:   0000000000433303 0000000043333aef
0x00002ad2497bdc78:   deaddeaf0d6f3129 deaddeaf00000000
0x00002ad2497bdc88:   deaddeaf0000055b 00000000825f3970
0x00002ad2497bdc98:   00002ad161f7a5cc 0000053b00000020
0x00002ad2497bdca8:   00000000825f0290 000000070007842f
0x00002ad2497bdcb8:   0000000080938120 000000059eab7928
0x00002ad2497bdcc8:   0000000000000000 00002ad2497bde38 

Instructions: (pc=0x00002ad15825c5e5)
0x00002ad15825c5c5:   17 f2 0f f0 46 07 f2 0f f0 0e f3 0f 7f 47 07 f3
0x00002ad15825c5d5:   0f 7f 0f c3 0f 1f 80 00 00 00 00 8b 56 03 8b 0e
0x00002ad15825c5e5:   89 57 03 89 0f c3 0f 1f 44 00 00 f2 0f f0 46 76
0x00002ad15825c5f5:   f3 0f 7f 47 76 f2 0f f0 46 66 f3 0f 7f 47 66 f2 

Register to memory mapping:

RAX=0x00002ad24221342f is an unknown value
RBX=0x00002ad290033800 is a thread
RCX=0x000000004030cff9 is an unknown value
RDX=0x0000000001055b40 is an unknown value
RSP=0x00002ad2497bdad8 is pointing into the stack for thread: 0x00002ad290033800
RBP=0x00002ad2497bdb30 is pointing into the stack for thread: 0x00002ad290033800
RSI=0x000000059eab8ea8 is an oop
